2024-03-27 12:55:32,374{GMT}	INFO	[jepsen test runner] jepsen.core: Command line:
lein run test -w unique-ids --bin /root/go/bin/maelstrom-unique-ids --time-limit 30 --rate 1000 --node-count 3 --availability total --nemesis partition
2024-03-27 12:55:32,456{GMT}	INFO	[jepsen test runner] jepsen.core: Running test:
{:args []
 :remote
 #jepsen.control.retry.Remote{:remote #jepsen.control.scp.Remote{:cmd-remote #jepsen.control.sshj.SSHJRemote{:concurrency-limit 6,
                                                                                                             :conn-spec nil,
                                                                                                             :client nil,
                                                                                                             :semaphore nil},
                                                                 :conn-spec nil},
                              :conn nil}
 :log-net-send false
 :node-count 3
 :availability :total
 :max-txn-length 4
 :concurrency 3
 :db
 #object[maelstrom.db$db$reify__16142
         "0x34d776eb"
         "maelstrom.db$db$reify__16142@34d776eb"]
 :max-writes-per-key 16
 :leave-db-running? false
 :name "unique-ids"
 :logging-json? false
 :start-time
 #object[org.joda.time.DateTime "0xd15f98a" "2024-03-27T12:55:32.341+07:00"]
 :nemesis-interval 10
 :net
 #object[maelstrom.net$jepsen_net$reify__15251
         "0x704c3ca2"
         "maelstrom.net$jepsen_net$reify__15251@704c3ca2"]
 :client
 #object[maelstrom.workload.unique_ids$client$reify__20074
         "0x7d3a9061"
         "maelstrom.workload.unique_ids$client$reify__20074@7d3a9061"]
 :barrier
 #object[java.util.concurrent.CyclicBarrier
         "0x2a2f7a61"
         "java.util.concurrent.CyclicBarrier@2a2f7a61"]
 :log-stderr false
 :pure-generators true
 :ssh {:dummy? true}
 :rate 1000.0
 :checker
 #object[jepsen.checker$compose$reify__11881
         "0x8d40f07"
         "jepsen.checker$compose$reify__11881@8d40f07"]
 :argv
 ("test"
  "-w"
  "unique-ids"
  "--bin"
  "/root/go/bin/maelstrom-unique-ids"
  "--time-limit"
  "30"
  "--rate"
  "1000"
  "--node-count"
  "3"
  "--availability"
  "total"
  "--nemesis"
  "partition")
 :nemesis
 (jepsen.nemesis.ReflCompose
  {:fm {:start-partition 0,
        :stop-partition 0,
        :kill 1,
        :start 1,
        :pause 1,
        :resume 1},
   :nemeses [#unprintable "jepsen.nemesis.combined$partition_nemesis$reify__16416@196c8b93"
             #unprintable "jepsen.nemesis.combined$db_nemesis$reify__16397@307ca947"]})
 :nodes ["n0" "n1" "n2"]
 :test-count 1
 :latency {:mean 0, :dist :constant}
 :bin "/root/go/bin/maelstrom-unique-ids"
 :generator
 (jepsen.generator.TimeLimit
  {:limit 30000000000,
   :cutoff nil,
   :gen (jepsen.generator.Any
         {:gens [(jepsen.generator.OnThreads
                  {:f #{:nemesis},
                   :context-filter #object[jepsen.generator.context$make_thread_filter$lazy_filter__9167
                                           "0x65c040c9"
                                           "jepsen.generator.context$make_thread_filter$lazy_filter__9167@65c040c9"],
                   :gen (jepsen.generator.Stagger
                         {:dt 20000000000,
                          :next-time nil,
                          :gen (jepsen.generator.FlipFlop
                                {:gens [#object[jepsen.nemesis.combined$partition_package$start__16420
                                                "0x11736ebc"
                                                "jepsen.nemesis.combined$partition_package$start__16420@11736ebc"]
                                        ({:type :info,
                                          :f :stop-partition,
                                          :value nil}
                                         {:type :info,
                                          :f :stop-partition,
                                          :value nil}
                                         {:type :info,
                                          :f :stop-partition,
                                          :value nil}
                                         {:type :info,
                                          :f :stop-partition,
                                          :value nil}
                                         {:type :info,
                                          :f :stop-partition,
                                          :value nil}
                                         {:type :info,
                                          :f :stop-partition,
                                          :value nil}
                                         {:type :info,
                                          :f :stop-partition,
                                          :value nil}
                                         {:type :info,
                                          :f :stop-partition,
                                          :value nil}
                                         ...)],
                                 :i 0})})})
                 (jepsen.generator.OnThreads
                  {:f #jepsen.generator.context.AllBut{:element :nemesis},
                   :context-filter #object[jepsen.generator.context$make_thread_filter$lazy_filter__9167
                                           "0x3d0c88f4"
                                           "jepsen.generator.context$make_thread_filter$lazy_filter__9167@3d0c88f4"],
                   :gen (jepsen.generator.Stagger
                         {:dt 2000000,
                          :next-time nil,
                          :gen (jepsen.generator.Repeat
                                {:remaining -1, :gen {:f :generate}})})})]})})
 :log-net-recv false
 :os
 #object[maelstrom.net$jepsen_os$reify__15254
         "0x5aad4194"
         "maelstrom.net$jepsen_os$reify__15254@5aad4194"]
 :time-limit 30
 :workload :unique-ids
 :consistency-models [:strict-serializable]
 :topology :grid}

2024-03-27 12:55:34,804{GMT}	INFO	[jepsen node n0] maelstrom.net: Starting Maelstrom network
2024-03-27 12:55:34,806{GMT}	INFO	[jepsen test runner] jepsen.db: Tearing down DB
2024-03-27 12:55:34,810{GMT}	INFO	[jepsen test runner] jepsen.db: Setting up DB
2024-03-27 12:55:34,811{GMT}	INFO	[jepsen node n2] maelstrom.db: Setting up n2
2024-03-27 12:55:34,811{GMT}	INFO	[jepsen node n1] maelstrom.db: Setting up n1
2024-03-27 12:55:34,813{GMT}	INFO	[jepsen node n0] maelstrom.service: Starting services: (lin-kv lin-tso lww-kv seq-kv)
2024-03-27 12:55:34,817{GMT}	INFO	[jepsen node n2] maelstrom.process: launching /root/go/bin/maelstrom-unique-ids []
2024-03-27 12:55:34,817{GMT}	INFO	[jepsen node n1] maelstrom.process: launching /root/go/bin/maelstrom-unique-ids []
2024-03-27 12:55:34,818{GMT}	INFO	[jepsen node n0] maelstrom.db: Setting up n0
2024-03-27 12:55:34,824{GMT}	INFO	[jepsen node n0] maelstrom.process: launching /root/go/bin/maelstrom-unique-ids []
2024-03-27 12:55:35,008{GMT}	INFO	[jepsen test runner] jepsen.core: Relative time begins now
2024-03-27 12:55:35,030{GMT}	INFO	[jepsen worker 2] jepsen.util: 2	:invoke	:generate	nil
2024-03-27 12:55:35,030{GMT}	INFO	[jepsen worker nemesis] jepsen.util: :nemesis	:info	:start-partition	:majorities-ring
2024-03-27 12:55:35,030{GMT}	INFO	[jepsen worker 1] jepsen.util: 1	:invoke	:generate	nil
2024-03-27 12:55:35,030{GMT}	INFO	[jepsen worker 0] jepsen.util: 0	:invoke	:generate	nil
2024-03-27 12:55:35,038{GMT}	INFO	[jepsen worker nemesis] jepsen.util: :nemesis	:info	:start-partition	[:isolated {"n1" #{"n2"}, "n2" #{"n0"}, "n0" #{"n1"}}]
2024-03-27 12:55:40,035{GMT}	INFO	[jepsen worker 1] jepsen.util: 1	:info	:generate	nil	:net-timeout
2024-03-27 12:55:40,037{GMT}	INFO	[jepsen worker 1] jepsen.util: 4	:invoke	:generate	nil
2024-03-27 12:55:40,035{GMT}	INFO	[jepsen worker 2] jepsen.util: 2	:info	:generate	nil	:net-timeout
2024-03-27 12:55:40,042{GMT}	INFO	[jepsen worker 2] jepsen.util: 5	:invoke	:generate	nil
2024-03-27 12:55:40,037{GMT}	INFO	[jepsen worker 0] jepsen.util: 0	:info	:generate	nil	:net-timeout
2024-03-27 12:55:40,045{GMT}	INFO	[jepsen worker 0] jepsen.util: 3	:invoke	:generate	nil
2024-03-27 12:55:45,040{GMT}	INFO	[jepsen worker 1] jepsen.util: 4	:info	:generate	nil	:net-timeout
2024-03-27 12:55:45,043{GMT}	INFO	[jepsen worker 1] jepsen.util: 7	:invoke	:generate	nil
2024-03-27 12:55:45,045{GMT}	INFO	[jepsen worker 2] jepsen.util: 5	:info	:generate	nil	:net-timeout
2024-03-27 12:55:45,049{GMT}	INFO	[jepsen worker 2] jepsen.util: 8	:invoke	:generate	nil
2024-03-27 12:55:45,047{GMT}	INFO	[jepsen worker 0] jepsen.util: 3	:info	:generate	nil	:net-timeout
2024-03-27 12:55:45,052{GMT}	INFO	[jepsen worker 0] jepsen.util: 6	:invoke	:generate	nil
2024-03-27 12:55:49,450{GMT}	INFO	[jepsen worker nemesis] jepsen.util: :nemesis	:info	:stop-partition	nil
2024-03-27 12:55:49,451{GMT}	INFO	[jepsen worker nemesis] jepsen.util: :nemesis	:info	:stop-partition	:network-healed
2024-03-27 12:55:50,048{GMT}	INFO	[jepsen worker 1] jepsen.util: 7	:info	:generate	nil	:net-timeout
2024-03-27 12:55:50,051{GMT}	INFO	[jepsen worker 2] jepsen.util: 8	:info	:generate	nil	:net-timeout
2024-03-27 12:55:50,052{GMT}	INFO	[jepsen worker 0] jepsen.util: 6	:info	:generate	nil	:net-timeout
2024-03-27 12:55:50,055{GMT}	INFO	[jepsen worker 0] jepsen.util: 9	:invoke	:generate	nil
2024-03-27 12:55:50,056{GMT}	INFO	[jepsen worker 1] jepsen.util: 10	:invoke	:generate	nil
2024-03-27 12:55:50,057{GMT}	INFO	[jepsen worker 2] jepsen.util: 11	:invoke	:generate	nil
2024-03-27 12:55:55,056{GMT}	INFO	[jepsen worker 0] jepsen.util: 9	:info	:generate	nil	:net-timeout
2024-03-27 12:55:55,057{GMT}	INFO	[jepsen worker 0] jepsen.util: 12	:invoke	:generate	nil
2024-03-27 12:55:55,057{GMT}	INFO	[jepsen worker 1] jepsen.util: 10	:info	:generate	nil	:net-timeout
2024-03-27 12:55:55,057{GMT}	INFO	[jepsen worker 2] jepsen.util: 11	:info	:generate	nil	:net-timeout
2024-03-27 12:55:55,065{GMT}	INFO	[jepsen worker 1] jepsen.util: 13	:invoke	:generate	nil
2024-03-27 12:55:55,065{GMT}	INFO	[jepsen worker 2] jepsen.util: 14	:invoke	:generate	nil
2024-03-27 12:55:59,171{GMT}	INFO	[jepsen worker nemesis] jepsen.util: :nemesis	:info	:start-partition	:minority-third
2024-03-27 12:55:59,175{GMT}	INFO	[jepsen worker nemesis] jepsen.util: :nemesis	:info	:start-partition	[:isolated {"n2" #{}, "n1" #{}, "n0" #{}}]
2024-03-27 12:56:00,063{GMT}	INFO	[jepsen worker 0] jepsen.util: 12	:info	:generate	nil	:net-timeout
2024-03-27 12:56:00,064{GMT}	INFO	[jepsen worker 0] jepsen.util: 15	:invoke	:generate	nil
2024-03-27 12:56:00,067{GMT}	INFO	[jepsen worker 1] jepsen.util: 13	:info	:generate	nil	:net-timeout
2024-03-27 12:56:00,067{GMT}	INFO	[jepsen worker 2] jepsen.util: 14	:info	:generate	nil	:net-timeout
2024-03-27 12:56:00,072{GMT}	INFO	[jepsen worker 1] jepsen.util: 16	:invoke	:generate	nil
2024-03-27 12:56:00,073{GMT}	INFO	[jepsen worker 2] jepsen.util: 17	:invoke	:generate	nil
2024-03-27 12:56:05,065{GMT}	INFO	[jepsen worker 0] jepsen.util: 15	:info	:generate	nil	:net-timeout
2024-03-27 12:56:05,073{GMT}	INFO	[jepsen worker 1] jepsen.util: 16	:info	:generate	nil	:net-timeout
2024-03-27 12:56:05,073{GMT}	INFO	[jepsen worker 2] jepsen.util: 17	:info	:generate	nil	:net-timeout
2024-03-27 12:56:05,296{GMT}	INFO	[jepsen test runner] jepsen.core: Run complete, writing
2024-03-27 12:56:05,442{GMT}	INFO	[jepsen node n0] maelstrom.db: Tearing down n0
2024-03-27 12:56:05,444{GMT}	INFO	[jepsen node n1] maelstrom.db: Tearing down n1
2024-03-27 12:56:05,445{GMT}	INFO	[jepsen node n2] maelstrom.db: Tearing down n2
2024-03-27 12:56:06,071{GMT}	INFO	[jepsen node n0] maelstrom.net: Shutting down Maelstrom network
2024-03-27 12:56:06,084{GMT}	WARN	[jepsen test runner] jepsen.core: Test crashed!
clojure.lang.ExceptionInfo: Node n0 crashed with exit status 1. Before crashing, it wrote to STDOUT:

{"src":"n0","dest":"c2","body":{"in_reply_to":1,"type":"init_ok"}}

And to STDERR:

2024/03/27 12:55:34 Received {c2 n0 {"type":"init","node_id":"n0","node_ids":["n0","n1","n2"],"msg_id":1}}
2024/03/27 12:55:34 Node n0 initialized
2024/03/27 12:55:34 Sent {"src":"n0","dest":"c2","body":{"in_reply_to":1,"type":"init_ok"}}
2024/03/27 12:55:35 Received {c7 n0 {"type":"generate","msg_id":1}}
2024/03/27 12:55:35 No handler for {"id":6,"src":"c7","dest":"n0","body":{"type":"generate","msg_id":1}}

Full STDERR logs are available in /mnt/e/project/maelstrom/maelstrom-unique-ids/store/unique-ids/20240327T125532.341+0700/node-logs/n0.log
	at slingshot.support$stack_trace.invoke(support.clj:201)
	at maelstrom.process$stop_node_BANG_.invokeStatic(process.clj:239)
	at maelstrom.process$stop_node_BANG_.invoke(process.clj:217)
	at maelstrom.db$db$reify__16142.teardown_BANG_(db.clj:75)
	at jepsen.db$fn__8744$G__8725__8748.invoke(db.clj:12)
	at jepsen.db$fn__8744$G__8724__8753.invoke(db.clj:12)
	at clojure.core$partial$fn__5908.invoke(core.clj:2642)
	at jepsen.control$on_nodes$fn__8599.invoke(control.clj:314)
	at clojure.lang.AFn.applyToHelper(AFn.java:154)
	at clojure.lang.AFn.applyTo(AFn.java:144)
	at clojure.core$apply.invokeStatic(core.clj:667)
	at clojure.core$with_bindings_STAR_.invokeStatic(core.clj:1990)
	at clojure.core$with_bindings_STAR_.doInvoke(core.clj:1990)
	at clojure.lang.RestFn.applyTo(RestFn.java:142)
	at clojure.core$apply.invokeStatic(core.clj:671)
	at clojure.core$bound_fn_STAR_$fn__5818.doInvoke(core.clj:2020)
	at clojure.lang.RestFn.invoke(RestFn.java:408)
	at dom_top.core$real_pmap_helper$build_thread__211$fn__212.invoke(core.clj:163)
	at clojure.lang.AFn.applyToHelper(AFn.java:152)
	at clojure.lang.AFn.applyTo(AFn.java:144)
	at clojure.core$apply.invokeStatic(core.clj:667)
	at clojure.core$with_bindings_STAR_.invokeStatic(core.clj:1990)
	at clojure.core$with_bindings_STAR_.doInvoke(core.clj:1990)
	at clojure.lang.RestFn.invoke(RestFn.java:425)
	at clojure.lang.AFn.applyToHelper(AFn.java:156)
	at clojure.lang.RestFn.applyTo(RestFn.java:132)
	at clojure.core$apply.invokeStatic(core.clj:671)
	at clojure.core$bound_fn_STAR_$fn__5818.doInvoke(core.clj:2020)
	at clojure.lang.RestFn.invoke(RestFn.java:397)
	at clojure.lang.AFn.run(AFn.java:22)
	at java.base/java.lang.Thread.run(Thread.java:840)
