2024-03-27 11:07:33,628{GMT}	INFO	[jepsen test runner] jepsen.core: Command line:
lein run test -w echo --bin /root/go/bin/maelstrom-echo --node-count 1 --time-limit 10
2024-03-27 11:07:33,699{GMT}	INFO	[jepsen test runner] jepsen.core: Running test:
{:args []
 :remote
 #jepsen.control.retry.Remote{:remote #jepsen.control.scp.Remote{:cmd-remote #jepsen.control.sshj.SSHJRemote{:concurrency-limit 6,
                                                                                                             :conn-spec nil,
                                                                                                             :client nil,
                                                                                                             :semaphore nil},
                                                                 :conn-spec nil},
                              :conn nil}
 :log-net-send false
 :node-count 1
 :availability nil
 :max-txn-length 4
 :concurrency 1
 :db
 #object[maelstrom.db$db$reify__16142
         "0xd15f98a"
         "maelstrom.db$db$reify__16142@d15f98a"]
 :max-writes-per-key 16
 :leave-db-running? false
 :name "echo"
 :logging-json? false
 :start-time
 #object[org.joda.time.DateTime "0x8d40f07" "2024-03-27T11:07:33.487+07:00"]
 :nemesis-interval 10
 :net
 #object[maelstrom.net$jepsen_net$reify__15251
         "0x196c8b93"
         "maelstrom.net$jepsen_net$reify__15251@196c8b93"]
 :client
 #object[maelstrom.workload.echo$client$reify__16863
         "0x307ca947"
         "maelstrom.workload.echo$client$reify__16863@307ca947"]
 :barrier
 #object[java.util.concurrent.CyclicBarrier
         "0x61d1315b"
         "java.util.concurrent.CyclicBarrier@61d1315b"]
 :log-stderr false
 :pure-generators true
 :ssh {:dummy? true}
 :rate 5
 :checker
 #object[jepsen.checker$compose$reify__11881
         "0x49d5b651"
         "jepsen.checker$compose$reify__11881@49d5b651"]
 :argv
 ("test"
  "-w"
  "echo"
  "--bin"
  "/root/go/bin/maelstrom-echo"
  "--node-count"
  "1"
  "--time-limit"
  "10")
 :nemesis
 (jepsen.nemesis.ReflCompose
  {:fm {:start-partition 0,
        :stop-partition 0,
        :kill 1,
        :start 1,
        :pause 1,
        :resume 1},
   :nemeses [#unprintable "jepsen.nemesis.combined$partition_nemesis$reify__16416@34989ceb"
             #unprintable "jepsen.nemesis.combined$db_nemesis$reify__16397@61fb3dae"]})
 :nodes ["n0"]
 :test-count 1
 :latency {:mean 0, :dist :constant}
 :bin "/root/go/bin/maelstrom-echo"
 :generator
 (jepsen.generator.TimeLimit
  {:limit 10000000000,
   :cutoff nil,
   :gen (jepsen.generator.Any
         {:gens [(jepsen.generator.OnThreads
                  {:f #{:nemesis},
                   :context-filter #object[jepsen.generator.context$make_thread_filter$lazy_filter__9167
                                           "0x5aad4194"
                                           "jepsen.generator.context$make_thread_filter$lazy_filter__9167@5aad4194"],
                   :gen nil})
                 (jepsen.generator.OnThreads
                  {:f #jepsen.generator.context.AllBut{:element :nemesis},
                   :context-filter #object[jepsen.generator.context$make_thread_filter$lazy_filter__9167
                                           "0x50a1c2f3"
                                           "jepsen.generator.context$make_thread_filter$lazy_filter__9167@50a1c2f3"],
                   :gen (jepsen.generator.Stagger
                         {:dt 400000000,
                          :next-time nil,
                          :gen (jepsen.generator.EachThread
                                {:fresh-gen #object[maelstrom.workload.echo$workload$fn__16882
                                                    "0x453ca7f"
                                                    "maelstrom.workload.echo$workload$fn__16882@453ca7f"],
                                 :context-filters #object[clojure.core$promise$reify__8591
                                                          "0x5d41b929"
                                                          {:status :pending,
                                                           :val nil}],
                                 :gens {}})})})]})})
 :log-net-recv false
 :os
 #object[maelstrom.net$jepsen_os$reify__15254
         "0x6dd0e2f4"
         "maelstrom.net$jepsen_os$reify__15254@6dd0e2f4"]
 :time-limit 10
 :workload :echo
 :consistency-models [:strict-serializable]
 :topology :grid}

2024-03-27 11:07:35,716{GMT}	INFO	[jepsen node n0] maelstrom.net: Starting Maelstrom network
2024-03-27 11:07:35,718{GMT}	INFO	[jepsen test runner] jepsen.db: Tearing down DB
2024-03-27 11:07:35,721{GMT}	INFO	[jepsen test runner] jepsen.db: Setting up DB
2024-03-27 11:07:35,724{GMT}	INFO	[jepsen node n0] maelstrom.service: Starting services: (lin-kv lin-tso lww-kv seq-kv)
2024-03-27 11:07:35,728{GMT}	INFO	[jepsen node n0] maelstrom.db: Setting up n0
2024-03-27 11:07:35,734{GMT}	INFO	[jepsen node n0] maelstrom.process: launching /root/go/bin/maelstrom-echo []
2024-03-27 11:07:35,858{GMT}	INFO	[jepsen test runner] jepsen.core: Relative time begins now
2024-03-27 11:07:35,882{GMT}	INFO	[jepsen worker 0] jepsen.util: 0	:invoke	:echo	"Please echo 101"
2024-03-27 11:07:35,891{GMT}	INFO	[jepsen worker 0] jepsen.util: 0	:ok	:echo	{:echo "Please echo 101", :in_reply_to 1, :msg_id 1, :type "echo_ok"}
2024-03-27 11:07:35,891{GMT}	INFO	[jepsen worker 0] jepsen.util: 0	:invoke	:echo	"Please echo 66"
2024-03-27 11:07:35,893{GMT}	INFO	[jepsen worker 0] jepsen.util: 0	:ok	:echo	{:echo "Please echo 66", :in_reply_to 2, :msg_id 2, :type "echo_ok"}
2024-03-27 11:07:36,216{GMT}	INFO	[jepsen worker 0] jepsen.util: 0	:invoke	:echo	"Please echo 123"
2024-03-27 11:07:36,219{GMT}	INFO	[jepsen worker 0] jepsen.util: 0	:ok	:echo	{:echo "Please echo 123", :in_reply_to 3, :msg_id 3, :type "echo_ok"}
2024-03-27 11:07:36,228{GMT}	INFO	[jepsen worker 0] jepsen.util: 0	:invoke	:echo	"Please echo 60"
2024-03-27 11:07:36,231{GMT}	INFO	[jepsen worker 0] jepsen.util: 0	:ok	:echo	{:echo "Please echo 60", :in_reply_to 4, :msg_id 4, :type "echo_ok"}
2024-03-27 11:07:36,584{GMT}	INFO	[jepsen worker 0] jepsen.util: 0	:invoke	:echo	"Please echo 9"
2024-03-27 11:07:36,587{GMT}	INFO	[jepsen worker 0] jepsen.util: 0	:ok	:echo	{:echo "Please echo 9", :in_reply_to 5, :msg_id 5, :type "echo_ok"}
2024-03-27 11:07:36,628{GMT}	INFO	[jepsen worker 0] jepsen.util: 0	:invoke	:echo	"Please echo 82"
2024-03-27 11:07:36,631{GMT}	INFO	[jepsen worker 0] jepsen.util: 0	:ok	:echo	{:echo "Please echo 82", :in_reply_to 6, :msg_id 6, :type "echo_ok"}
2024-03-27 11:07:36,637{GMT}	INFO	[jepsen worker 0] jepsen.util: 0	:invoke	:echo	"Please echo 11"
2024-03-27 11:07:36,640{GMT}	INFO	[jepsen worker 0] jepsen.util: 0	:ok	:echo	{:echo "Please echo 11", :in_reply_to 7, :msg_id 7, :type "echo_ok"}
2024-03-27 11:07:36,812{GMT}	INFO	[jepsen worker 0] jepsen.util: 0	:invoke	:echo	"Please echo 44"
2024-03-27 11:07:36,815{GMT}	INFO	[jepsen worker 0] jepsen.util: 0	:ok	:echo	{:echo "Please echo 44", :in_reply_to 8, :msg_id 8, :type "echo_ok"}
2024-03-27 11:07:37,187{GMT}	INFO	[jepsen worker 0] jepsen.util: 0	:invoke	:echo	"Please echo 121"
2024-03-27 11:07:37,190{GMT}	INFO	[jepsen worker 0] jepsen.util: 0	:ok	:echo	{:echo "Please echo 121", :in_reply_to 9, :msg_id 9, :type "echo_ok"}
2024-03-27 11:07:37,511{GMT}	INFO	[jepsen worker 0] jepsen.util: 0	:invoke	:echo	"Please echo 119"
2024-03-27 11:07:37,514{GMT}	INFO	[jepsen worker 0] jepsen.util: 0	:ok	:echo	{:echo "Please echo 119", :in_reply_to 10, :msg_id 10, :type "echo_ok"}
2024-03-27 11:07:37,634{GMT}	INFO	[jepsen worker 0] jepsen.util: 0	:invoke	:echo	"Please echo 103"
2024-03-27 11:07:37,637{GMT}	INFO	[jepsen worker 0] jepsen.util: 0	:ok	:echo	{:echo "Please echo 103", :in_reply_to 11, :msg_id 11, :type "echo_ok"}
2024-03-27 11:07:37,942{GMT}	INFO	[jepsen worker 0] jepsen.util: 0	:invoke	:echo	"Please echo 38"
2024-03-27 11:07:37,945{GMT}	INFO	[jepsen worker 0] jepsen.util: 0	:ok	:echo	{:echo "Please echo 38", :in_reply_to 12, :msg_id 12, :type "echo_ok"}
2024-03-27 11:07:38,164{GMT}	INFO	[jepsen worker 0] jepsen.util: 0	:invoke	:echo	"Please echo 80"
2024-03-27 11:07:38,167{GMT}	INFO	[jepsen worker 0] jepsen.util: 0	:ok	:echo	{:echo "Please echo 80", :in_reply_to 13, :msg_id 13, :type "echo_ok"}
2024-03-27 11:07:38,209{GMT}	INFO	[jepsen worker 0] jepsen.util: 0	:invoke	:echo	"Please echo 101"
2024-03-27 11:07:38,212{GMT}	INFO	[jepsen worker 0] jepsen.util: 0	:ok	:echo	{:echo "Please echo 101", :in_reply_to 14, :msg_id 14, :type "echo_ok"}
2024-03-27 11:07:38,404{GMT}	INFO	[jepsen worker 0] jepsen.util: 0	:invoke	:echo	"Please echo 36"
2024-03-27 11:07:38,406{GMT}	INFO	[jepsen worker 0] jepsen.util: 0	:ok	:echo	{:echo "Please echo 36", :in_reply_to 15, :msg_id 15, :type "echo_ok"}
2024-03-27 11:07:38,769{GMT}	INFO	[jepsen worker 0] jepsen.util: 0	:invoke	:echo	"Please echo 98"
2024-03-27 11:07:38,773{GMT}	INFO	[jepsen worker 0] jepsen.util: 0	:ok	:echo	{:echo "Please echo 98", :in_reply_to 16, :msg_id 16, :type "echo_ok"}
2024-03-27 11:07:39,165{GMT}	INFO	[jepsen worker 0] jepsen.util: 0	:invoke	:echo	"Please echo 7"
2024-03-27 11:07:39,168{GMT}	INFO	[jepsen worker 0] jepsen.util: 0	:ok	:echo	{:echo "Please echo 7", :in_reply_to 17, :msg_id 17, :type "echo_ok"}
2024-03-27 11:07:39,340{GMT}	INFO	[jepsen worker 0] jepsen.util: 0	:invoke	:echo	"Please echo 88"
2024-03-27 11:07:39,344{GMT}	INFO	[jepsen worker 0] jepsen.util: 0	:ok	:echo	{:echo "Please echo 88", :in_reply_to 18, :msg_id 18, :type "echo_ok"}
2024-03-27 11:07:39,650{GMT}	INFO	[jepsen worker 0] jepsen.util: 0	:invoke	:echo	"Please echo 41"
2024-03-27 11:07:39,653{GMT}	INFO	[jepsen worker 0] jepsen.util: 0	:ok	:echo	{:echo "Please echo 41", :in_reply_to 19, :msg_id 19, :type "echo_ok"}
2024-03-27 11:07:39,885{GMT}	INFO	[jepsen worker 0] jepsen.util: 0	:invoke	:echo	"Please echo 29"
2024-03-27 11:07:39,888{GMT}	INFO	[jepsen worker 0] jepsen.util: 0	:ok	:echo	{:echo "Please echo 29", :in_reply_to 20, :msg_id 20, :type "echo_ok"}
2024-03-27 11:07:40,050{GMT}	INFO	[jepsen worker 0] jepsen.util: 0	:invoke	:echo	"Please echo 121"
2024-03-27 11:07:40,053{GMT}	INFO	[jepsen worker 0] jepsen.util: 0	:ok	:echo	{:echo "Please echo 121", :in_reply_to 21, :msg_id 21, :type "echo_ok"}
2024-03-27 11:07:40,146{GMT}	INFO	[jepsen worker 0] jepsen.util: 0	:invoke	:echo	"Please echo 89"
2024-03-27 11:07:40,148{GMT}	INFO	[jepsen worker 0] jepsen.util: 0	:ok	:echo	{:echo "Please echo 89", :in_reply_to 22, :msg_id 22, :type "echo_ok"}
2024-03-27 11:07:40,187{GMT}	INFO	[jepsen worker 0] jepsen.util: 0	:invoke	:echo	"Please echo 115"
2024-03-27 11:07:40,190{GMT}	INFO	[jepsen worker 0] jepsen.util: 0	:ok	:echo	{:echo "Please echo 115", :in_reply_to 23, :msg_id 23, :type "echo_ok"}
2024-03-27 11:07:40,456{GMT}	INFO	[jepsen worker 0] jepsen.util: 0	:invoke	:echo	"Please echo 64"
2024-03-27 11:07:40,458{GMT}	INFO	[jepsen worker 0] jepsen.util: 0	:ok	:echo	{:echo "Please echo 64", :in_reply_to 24, :msg_id 24, :type "echo_ok"}
2024-03-27 11:07:40,615{GMT}	INFO	[jepsen worker 0] jepsen.util: 0	:invoke	:echo	"Please echo 115"
2024-03-27 11:07:40,617{GMT}	INFO	[jepsen worker 0] jepsen.util: 0	:ok	:echo	{:echo "Please echo 115", :in_reply_to 25, :msg_id 25, :type "echo_ok"}
2024-03-27 11:07:40,700{GMT}	INFO	[jepsen worker 0] jepsen.util: 0	:invoke	:echo	"Please echo 21"
2024-03-27 11:07:40,702{GMT}	INFO	[jepsen worker 0] jepsen.util: 0	:ok	:echo	{:echo "Please echo 21", :in_reply_to 26, :msg_id 26, :type "echo_ok"}
2024-03-27 11:07:40,937{GMT}	INFO	[jepsen worker 0] jepsen.util: 0	:invoke	:echo	"Please echo 5"
2024-03-27 11:07:40,940{GMT}	INFO	[jepsen worker 0] jepsen.util: 0	:ok	:echo	{:echo "Please echo 5", :in_reply_to 27, :msg_id 27, :type "echo_ok"}
2024-03-27 11:07:41,201{GMT}	INFO	[jepsen worker 0] jepsen.util: 0	:invoke	:echo	"Please echo 99"
2024-03-27 11:07:41,204{GMT}	INFO	[jepsen worker 0] jepsen.util: 0	:ok	:echo	{:echo "Please echo 99", :in_reply_to 28, :msg_id 28, :type "echo_ok"}
2024-03-27 11:07:41,550{GMT}	INFO	[jepsen worker 0] jepsen.util: 0	:invoke	:echo	"Please echo 98"
2024-03-27 11:07:41,552{GMT}	INFO	[jepsen worker 0] jepsen.util: 0	:ok	:echo	{:echo "Please echo 98", :in_reply_to 29, :msg_id 29, :type "echo_ok"}
2024-03-27 11:07:41,718{GMT}	INFO	[jepsen worker 0] jepsen.util: 0	:invoke	:echo	"Please echo 64"
2024-03-27 11:07:41,721{GMT}	INFO	[jepsen worker 0] jepsen.util: 0	:ok	:echo	{:echo "Please echo 64", :in_reply_to 30, :msg_id 30, :type "echo_ok"}
2024-03-27 11:07:41,767{GMT}	INFO	[jepsen worker 0] jepsen.util: 0	:invoke	:echo	"Please echo 39"
2024-03-27 11:07:41,769{GMT}	INFO	[jepsen worker 0] jepsen.util: 0	:ok	:echo	{:echo "Please echo 39", :in_reply_to 31, :msg_id 31, :type "echo_ok"}
2024-03-27 11:07:41,779{GMT}	INFO	[jepsen worker 0] jepsen.util: 0	:invoke	:echo	"Please echo 6"
2024-03-27 11:07:41,781{GMT}	INFO	[jepsen worker 0] jepsen.util: 0	:ok	:echo	{:echo "Please echo 6", :in_reply_to 32, :msg_id 32, :type "echo_ok"}
2024-03-27 11:07:41,831{GMT}	INFO	[jepsen worker 0] jepsen.util: 0	:invoke	:echo	"Please echo 15"
2024-03-27 11:07:41,834{GMT}	INFO	[jepsen worker 0] jepsen.util: 0	:ok	:echo	{:echo "Please echo 15", :in_reply_to 33, :msg_id 33, :type "echo_ok"}
2024-03-27 11:07:42,116{GMT}	INFO	[jepsen worker 0] jepsen.util: 0	:invoke	:echo	"Please echo 77"
2024-03-27 11:07:42,119{GMT}	INFO	[jepsen worker 0] jepsen.util: 0	:ok	:echo	{:echo "Please echo 77", :in_reply_to 34, :msg_id 34, :type "echo_ok"}
2024-03-27 11:07:42,222{GMT}	INFO	[jepsen worker 0] jepsen.util: 0	:invoke	:echo	"Please echo 109"
2024-03-27 11:07:42,225{GMT}	INFO	[jepsen worker 0] jepsen.util: 0	:ok	:echo	{:echo "Please echo 109", :in_reply_to 35, :msg_id 35, :type "echo_ok"}
2024-03-27 11:07:42,479{GMT}	INFO	[jepsen worker 0] jepsen.util: 0	:invoke	:echo	"Please echo 21"
2024-03-27 11:07:42,483{GMT}	INFO	[jepsen worker 0] jepsen.util: 0	:ok	:echo	{:echo "Please echo 21", :in_reply_to 36, :msg_id 36, :type "echo_ok"}
2024-03-27 11:07:42,805{GMT}	INFO	[jepsen worker 0] jepsen.util: 0	:invoke	:echo	"Please echo 37"
2024-03-27 11:07:42,808{GMT}	INFO	[jepsen worker 0] jepsen.util: 0	:ok	:echo	{:echo "Please echo 37", :in_reply_to 37, :msg_id 37, :type "echo_ok"}
2024-03-27 11:07:42,860{GMT}	INFO	[jepsen worker 0] jepsen.util: 0	:invoke	:echo	"Please echo 67"
2024-03-27 11:07:42,862{GMT}	INFO	[jepsen worker 0] jepsen.util: 0	:ok	:echo	{:echo "Please echo 67", :in_reply_to 38, :msg_id 38, :type "echo_ok"}
2024-03-27 11:07:42,898{GMT}	INFO	[jepsen worker 0] jepsen.util: 0	:invoke	:echo	"Please echo 112"
2024-03-27 11:07:42,900{GMT}	INFO	[jepsen worker 0] jepsen.util: 0	:ok	:echo	{:echo "Please echo 112", :in_reply_to 39, :msg_id 39, :type "echo_ok"}
2024-03-27 11:07:43,055{GMT}	INFO	[jepsen worker 0] jepsen.util: 0	:invoke	:echo	"Please echo 79"
2024-03-27 11:07:43,057{GMT}	INFO	[jepsen worker 0] jepsen.util: 0	:ok	:echo	{:echo "Please echo 79", :in_reply_to 40, :msg_id 40, :type "echo_ok"}
2024-03-27 11:07:43,438{GMT}	INFO	[jepsen worker 0] jepsen.util: 0	:invoke	:echo	"Please echo 62"
2024-03-27 11:07:43,440{GMT}	INFO	[jepsen worker 0] jepsen.util: 0	:ok	:echo	{:echo "Please echo 62", :in_reply_to 41, :msg_id 41, :type "echo_ok"}
2024-03-27 11:07:43,549{GMT}	INFO	[jepsen worker 0] jepsen.util: 0	:invoke	:echo	"Please echo 35"
2024-03-27 11:07:43,551{GMT}	INFO	[jepsen worker 0] jepsen.util: 0	:ok	:echo	{:echo "Please echo 35", :in_reply_to 42, :msg_id 42, :type "echo_ok"}
2024-03-27 11:07:43,780{GMT}	INFO	[jepsen worker 0] jepsen.util: 0	:invoke	:echo	"Please echo 83"
2024-03-27 11:07:43,782{GMT}	INFO	[jepsen worker 0] jepsen.util: 0	:ok	:echo	{:echo "Please echo 83", :in_reply_to 43, :msg_id 43, :type "echo_ok"}
2024-03-27 11:07:44,088{GMT}	INFO	[jepsen worker 0] jepsen.util: 0	:invoke	:echo	"Please echo 82"
2024-03-27 11:07:44,091{GMT}	INFO	[jepsen worker 0] jepsen.util: 0	:ok	:echo	{:echo "Please echo 82", :in_reply_to 44, :msg_id 44, :type "echo_ok"}
2024-03-27 11:07:44,289{GMT}	INFO	[jepsen worker 0] jepsen.util: 0	:invoke	:echo	"Please echo 122"
2024-03-27 11:07:44,291{GMT}	INFO	[jepsen worker 0] jepsen.util: 0	:ok	:echo	{:echo "Please echo 122", :in_reply_to 45, :msg_id 45, :type "echo_ok"}
2024-03-27 11:07:44,566{GMT}	INFO	[jepsen worker 0] jepsen.util: 0	:invoke	:echo	"Please echo 121"
2024-03-27 11:07:44,569{GMT}	INFO	[jepsen worker 0] jepsen.util: 0	:ok	:echo	{:echo "Please echo 121", :in_reply_to 46, :msg_id 46, :type "echo_ok"}
2024-03-27 11:07:44,796{GMT}	INFO	[jepsen worker 0] jepsen.util: 0	:invoke	:echo	"Please echo 89"
2024-03-27 11:07:44,799{GMT}	INFO	[jepsen worker 0] jepsen.util: 0	:ok	:echo	{:echo "Please echo 89", :in_reply_to 47, :msg_id 47, :type "echo_ok"}
2024-03-27 11:07:44,824{GMT}	INFO	[jepsen worker 0] jepsen.util: 0	:invoke	:echo	"Please echo 56"
2024-03-27 11:07:44,826{GMT}	INFO	[jepsen worker 0] jepsen.util: 0	:ok	:echo	{:echo "Please echo 56", :in_reply_to 48, :msg_id 48, :type "echo_ok"}
2024-03-27 11:07:45,160{GMT}	INFO	[jepsen worker 0] jepsen.util: 0	:invoke	:echo	"Please echo 9"
2024-03-27 11:07:45,163{GMT}	INFO	[jepsen worker 0] jepsen.util: 0	:ok	:echo	{:echo "Please echo 9", :in_reply_to 49, :msg_id 49, :type "echo_ok"}
2024-03-27 11:07:45,528{GMT}	INFO	[jepsen worker 0] jepsen.util: 0	:invoke	:echo	"Please echo 68"
2024-03-27 11:07:45,531{GMT}	INFO	[jepsen worker 0] jepsen.util: 0	:ok	:echo	{:echo "Please echo 68", :in_reply_to 50, :msg_id 50, :type "echo_ok"}
2024-03-27 11:07:45,804{GMT}	INFO	[jepsen worker 0] jepsen.util: 0	:invoke	:echo	"Please echo 100"
2024-03-27 11:07:45,806{GMT}	INFO	[jepsen worker 0] jepsen.util: 0	:ok	:echo	{:echo "Please echo 100", :in_reply_to 51, :msg_id 51, :type "echo_ok"}
2024-03-27 11:07:45,860{GMT}	INFO	[jepsen test runner] jepsen.core: Run complete, writing
2024-03-27 11:07:45,989{GMT}	INFO	[jepsen node n0] maelstrom.db: Tearing down n0
2024-03-27 11:07:47,733{GMT}	INFO	[jepsen node n0] maelstrom.net: Shutting down Maelstrom network
2024-03-27 11:07:47,739{GMT}	INFO	[jepsen test runner] jepsen.core: Analyzing...
2024-03-27 11:07:48,318{GMT}	INFO	[jepsen test runner] jepsen.core: Analysis complete
2024-03-27 11:07:48,332{GMT}	INFO	[jepsen results] jepsen.store: Wrote /mnt/e/project/maelstrom/maelstrom-echo/store/echo/20240327T110733.487+0700/results.edn
2024-03-27 11:07:48,535{GMT}	INFO	[jepsen test runner] jepsen.core: {:perf {:latency-graph {:valid? true},
        :rate-graph {:valid? true},
        :valid? true},
 :timeline {:valid? true},
 :exceptions {:valid? true},
 :stats {:valid? true,
         :count 51,
         :ok-count 51,
         :fail-count 0,
         :info-count 0,
         :by-f {:echo {:valid? true,
                       :count 51,
                       :ok-count 51,
                       :fail-count 0,
                       :info-count 0}}},
 :availability {:valid? true, :ok-fraction 1.0},
 :net {:all {:send-count 104,
             :recv-count 104,
             :msg-count 104,
             :msgs-per-op 2.0392158},
       :clients {:send-count 104, :recv-count 104, :msg-count 104},
       :servers {:send-count 0,
                 :recv-count 0,
                 :msg-count 0,
                 :msgs-per-op 0.0},
       :valid? true},
 :workload {:valid? true, :errors ()},
 :valid? true}


Everything looks good! ヽ(‘ー`)ノ
